<?xml version="1.0" encoding="UTF-8"?>
<testsuites name="jest tests" tests="5" failures="0" time="0.735">
  <testsuite name="isUsingTypes" errors="0" failures="0" skipped="0" timestamp="2019-10-05T15:14:08" time="0.71" tests="5">
    <testcase classname="isUsingTypes" name="Should include fragments when they are not extenral" time="0.006" file="tests/is-using-types.spec.ts">
    </testcase>
    <testcase classname="isUsingTypes" name="Should ignore fragments when they are extenral" time="0.001" file="tests/is-using-types.spec.ts">
    </testcase>
    <testcase classname="isUsingTypes" name="Should includes types import when fragment spread is used over an optional field" time="0.006" file="tests/is-using-types.spec.ts">
    </testcase>
    <testcase classname="isUsingTypes" name="Should includes types correctly" time="0.013" file="tests/is-using-types.spec.ts">
    </testcase>
    <testcase classname="isUsingTypes" name="Should includes types correctly when used in fragment" time="0.004" file="tests/is-using-types.spec.ts">
    </testcase>
  </testsuite>
</testsuites>